# JRE version: OpenJDK Runtime Environment Temurin-21.0.10+7 (21.0.10+7) (build 21.0.10+7-LTS)
# Java VM: OpenJDK 64-Bit Server VM Temurin-21.0.10+7 (21.0.10+7-LTS, mixed mode, sharing, tiered, compressed oops, compressed class ptrs, g1 gc, windows-amd64)
GC Precious Log:
 CardTable entry size: 512
 Card Set container configuration: InlinePtr #cards 5 size 8 Array Of Cards #cards 12 size 40 Howl #buckets 4 coarsen threshold 1843 Howl Bitmap #cards 512 size 80 coarsen threshold 460 Card regions per heap region 1 cards per card region 2048
 CPUs: 12 total, 12 available
 Memory: 7521M
 Large Page Support: Disabled
 NUMA Support: Disabled
 Compressed Oops: Enabled (32-bit)
 Heap Region Size: 1M
 Heap Min Capacity: 8M
 Heap Initial Capacity: 118M
 Heap Max Capacity: 2G
 Pre-touch: Disabled
 Parallel Workers: 10
 Concurrent Workers: 3
 Concurrent Refinement Workers: 10
 Periodic GC: Disabled
Heap:
 garbage-first heap   total 304128K, used 195819K [0x0000000080000000, 0x0000000100000000)
  region size 1024K, 12 young (12288K), 5 survivors (5120K)
 Metaspace       used 111626K, committed 114624K, reserved 557056K
  class space    used 16034K, committed 17536K, reserved 425984K
GC Heap History (20 events):
Event: 41.512 GC heap before
{Heap before GC invocations=47 (full 0):
 garbage-first heap   total 209920K, used 188626K [0x0000000080000000, 0x0000000100000000)
  region size 1024K, 60 young (61440K), 9 survivors (9216K)
 Metaspace       used 110394K, committed 113280K, reserved 557056K
  class space    used 15893K, committed 17344K, reserved 425984K
}
Event: 41.525 GC heap after
{Heap after GC invocations=48 (full 0):
 garbage-first heap   total 209920K, used 142585K [0x0000000080000000, 0x0000000100000000)
  region size 1024K, 7 young (7168K), 7 survivors (7168K)
 Metaspace       used 110394K, committed 113280K, reserved 557056K
  class space    used 15893K, committed 17344K, reserved 425984K
}
Event: 41.714 GC heap before
{Heap before GC invocations=48 (full 0):
 garbage-first heap   total 209920K, used 190713K [0x0000000080000000, 0x0000000100000000)
  region size 1024K, 55 young (56320K), 7 survivors (7168K)
 Metaspace       used 110397K, committed 113280K, reserved 557056K
  class space    used 15893K, committed 17344K, reserved 425984K
}
Event: 41.721 GC heap after
{Heap after GC invocations=49 (full 0):
 garbage-first heap   total 209920K, used 143955K [0x0000000080000000, 0x0000000100000000)
  region size 1024K, 4 young (4096K), 4 survivors (4096K)
 Metaspace       used 110397K, committed 113280K, reserved 557056K
  class space    used 15893K, committed 17344K, reserved 425984K
}
Event: 42.106 GC heap before
{Heap before GC invocations=50 (full 0):
 garbage-first heap   total 242688K, used 192083K [0x0000000080000000, 0x0000000100000000)
  region size 1024K, 52 young (53248K), 4 survivors (4096K)
 Metaspace       used 110437K, committed 113344K, reserved 557056K
  class space    used 15900K, committed 17344K, reserved 425984K
}
Event: 42.111 GC heap after
{Heap after GC invocations=51 (full 0):
 garbage-first heap   total 242688K, used 145278K [0x0000000080000000, 0x0000000100000000)
  region size 1024K, 5 young (5120K), 5 survivors (5120K)
 Metaspace       used 110437K, committed 113344K, reserved 557056K
  class space    used 15900K, committed 17344K, reserved 425984K
}
Event: 62.449 GC heap before
{Heap before GC invocations=51 (full 0):
 garbage-first heap   total 242688K, used 226174K [0x0000000080000000, 0x0000000100000000)
  region size 1024K, 80 young (81920K), 5 survivors (5120K)
 Metaspace       used 110865K, committed 113728K, reserved 557056K
  class space    used 15951K, committed 17408K, reserved 425984K
}
Event: 62.461 GC heap after
{Heap after GC invocations=52 (full 0):
 garbage-first heap   total 245760K, used 157696K [0x0000000080000000, 0x0000000100000000)
  region size 1024K, 10 young (10240K), 10 survivors (10240K)
 Metaspace       used 110865K, committed 113728K, reserved 557056K
  class space    used 15951K, committed 17408K, reserved 425984K
}
Event: 62.815 GC heap before
{Heap before GC invocations=52 (full 0):
 garbage-first heap   total 245760K, used 223232K [0x0000000080000000, 0x0000000100000000)
  region size 1024K, 75 young (76800K), 10 survivors (10240K)
 Metaspace       used 110865K, committed 113728K, reserved 557056K
  class space    used 15951K, committed 17408K, reserved 425984K
}
Event: 62.824 GC heap after
{Heap after GC invocations=53 (full 0):
 garbage-first heap   total 245760K, used 162140K [0x0000000080000000, 0x0000000100000000)
  region size 1024K, 4 young (4096K), 4 survivors (4096K)
 Metaspace       used 110865K, committed 113728K, reserved 557056K
  class space    used 15951K, committed 17408K, reserved 425984K
}
Event: 78.913 GC heap before
{Heap before GC invocations=54 (full 0):
 garbage-first heap   total 271360K, used 230748K [0x0000000080000000, 0x0000000100000000)
  region size 1024K, 68 young (69632K), 4 survivors (4096K)
 Metaspace       used 111330K, committed 114304K, reserved 557056K
  class space    used 16009K, committed 17472K, reserved 425984K
}
Event: 78.923 GC heap after
{Heap after GC invocations=55 (full 0):
 garbage-first heap   total 271360K, used 173904K [0x0000000080000000, 0x0000000100000000)
  region size 1024K, 9 young (9216K), 9 survivors (9216K)
 Metaspace       used 111330K, committed 114304K, reserved 557056K
  class space    used 16009K, committed 17472K, reserved 425984K
}
Event: 79.300 GC heap before
{Heap before GC invocations=55 (full 0):
 garbage-first heap   total 271360K, used 243536K [0x0000000080000000, 0x0000000100000000)
  region size 1024K, 78 young (79872K), 9 survivors (9216K)
 Metaspace       used 111378K, committed 114304K, reserved 557056K
  class space    used 16009K, committed 17472K, reserved 425984K
}
Event: 79.312 GC heap after
{Heap after GC invocations=56 (full 0):
 garbage-first heap   total 271360K, used 176521K [0x0000000080000000, 0x0000000100000000)
  region size 1024K, 6 young (6144K), 6 survivors (6144K)
 Metaspace       used 111378K, committed 114304K, reserved 557056K
  class space    used 16009K, committed 17472K, reserved 425984K
}
Event: 79.678 GC heap before
{Heap before GC invocations=56 (full 0):
 garbage-first heap   total 271360K, used 227721K [0x0000000080000000, 0x0000000100000000)
  region size 1024K, 58 young (59392K), 6 survivors (6144K)
 Metaspace       used 111426K, committed 114432K, reserved 557056K
  class space    used 16016K, committed 17536K, reserved 425984K
}
Event: 79.685 GC heap after
{Heap after GC invocations=57 (full 0):
 garbage-first heap   total 271360K, used 178526K [0x0000000080000000, 0x0000000100000000)
  region size 1024K, 8 young (8192K), 8 survivors (8192K)
 Metaspace       used 111426K, committed 114432K, reserved 557056K
  class space    used 16016K, committed 17536K, reserved 425984K
}
Event: 80.465 GC heap before
{Heap before GC invocations=58 (full 0):
 garbage-first heap   total 304128K, used 250206K [0x0000000080000000, 0x0000000100000000)
  region size 1024K, 77 young (78848K), 8 survivors (8192K)
 Metaspace       used 111550K, committed 114560K, reserved 557056K
  class space    used 16025K, committed 17536K, reserved 425984K
}
Event: 80.477 GC heap after
{Heap after GC invocations=59 (full 0):
 garbage-first heap   total 304128K, used 187650K [0x0000000080000000, 0x0000000100000000)
  region size 1024K, 10 young (10240K), 10 survivors (10240K)
 Metaspace       used 111550K, committed 114560K, reserved 557056K
  class space    used 16025K, committed 17536K, reserved 425984K
}
Event: 81.652 GC heap before
{Heap before GC invocations=59 (full 0):
 garbage-first heap   total 304128K, used 266498K [0x0000000080000000, 0x0000000100000000)
  region size 1024K, 88 young (90112K), 10 survivors (10240K)
 Metaspace       used 111551K, committed 114560K, reserved 557056K
  class space    used 16025K, committed 17536K, reserved 425984K
}
Event: 81.860 GC heap after
{Heap after GC invocations=60 (full 0):
 garbage-first heap   total 304128K, used 189675K [0x0000000080000000, 0x0000000100000000)
  region size 1024K, 5 young (5120K), 5 survivors (5120K)
 Metaspace       used 111551K, committed 114560K, reserved 557056K
  class space    used 16025K, committed 17536K, reserved 425984K
}

